<?xml version="1.0" encoding="UTF-8"?>
<testng-results skipped="0" failed="0" total="3" passed="3">
  <reporter-output>
  </reporter-output>
  <suite name="Default suite" duration-ms="88648" started-at="2020-01-31T09:53:09Z" finished-at="2020-01-31T09:54:37Z">
    <groups>
    </groups>
    <test name="Default test" duration-ms="88648" started-at="2020-01-31T09:53:09Z" finished-at="2020-01-31T09:54:37Z">
      <class name="com.crm.qa.testcases.LoginTest">
        <test-method status="PASS" signature="setUp()[pri:0, instance:com.crm.qa.testcases.LoginTest@7cf10a6f]" name="setUp" is-config="true" duration-ms="15543" started-at="2020-01-31T15:23:09Z" finished-at="2020-01-31T15:23:24Z">
          <reporter-output>
          </reporter-output>
        </test-method> <!-- setUp -->
        <test-method status="PASS" signature="publicPageTitleTest()[pri:0, instance:com.crm.qa.testcases.LoginTest@7cf10a6f]" name="publicPageTitleTest" duration-ms="18" started-at="2020-01-31T15:23:24Z" finished-at="2020-01-31T15:23:24Z">
          <reporter-output>
          </reporter-output>
        </test-method> <!-- publicPageTitleTest -->
        <test-method status="PASS" signature="tearDown()[pri:0, instance:com.crm.qa.testcases.LoginTest@7cf10a6f]" name="tearDown" is-config="true" duration-ms="8450" started-at="2020-01-31T15:23:24Z" finished-at="2020-01-31T15:23:33Z">
          <reporter-output>
          </reporter-output>
        </test-method> <!-- tearDown -->
        <test-method status="PASS" signature="setUp()[pri:0, instance:com.crm.qa.testcases.LoginTest@7cf10a6f]" name="setUp" is-config="true" duration-ms="21461" started-at="2020-01-31T15:23:33Z" finished-at="2020-01-31T15:23:54Z">
          <reporter-output>
          </reporter-output>
        </test-method> <!-- setUp -->
        <test-method status="PASS" signature="crmLogoImageTest()[pri:0, instance:com.crm.qa.testcases.LoginTest@7cf10a6f]" name="crmLogoImageTest" duration-ms="156" started-at="2020-01-31T15:23:54Z" finished-at="2020-01-31T15:23:54Z">
          <reporter-output>
          </reporter-output>
        </test-method> <!-- crmLogoImageTest -->
        <test-method status="PASS" signature="tearDown()[pri:0, instance:com.crm.qa.testcases.LoginTest@7cf10a6f]" name="tearDown" is-config="true" duration-ms="11837" started-at="2020-01-31T15:23:54Z" finished-at="2020-01-31T15:24:06Z">
          <reporter-output>
          </reporter-output>
        </test-method> <!-- tearDown -->
        <test-method status="PASS" signature="setUp()[pri:0, instance:com.crm.qa.testcases.LoginTest@7cf10a6f]" name="setUp" is-config="true" duration-ms="17265" started-at="2020-01-31T15:24:06Z" finished-at="2020-01-31T15:24:24Z">
          <reporter-output>
          </reporter-output>
        </test-method> <!-- setUp -->
        <test-method status="PASS" signature="loginPage()[pri:0, instance:com.crm.qa.testcases.LoginTest@7cf10a6f]" name="loginPage" duration-ms="4828" started-at="2020-01-31T15:24:24Z" finished-at="2020-01-31T15:24:28Z">
          <reporter-output>
          </reporter-output>
        </test-method> <!-- loginPage -->
        <test-method status="PASS" signature="tearDown()[pri:0, instance:com.crm.qa.testcases.LoginTest@7cf10a6f]" name="tearDown" is-config="true" duration-ms="9058" started-at="2020-01-31T15:24:28Z" finished-at="2020-01-31T15:24:37Z">
          <reporter-output>
          </reporter-output>
        </test-method> <!-- tearDown -->
      </class> <!-- com.crm.qa.testcases.LoginTest -->
    </test> <!-- Default test -->
  </suite> <!-- Default suite -->
</testng-results>
