<?xml version="1.0" encoding="UTF-8"?>
<!-- Generated by org.testng.reporters.JUnitXMLReporter -->
<testsuite hostname="DESKTOP-OSQIEQ3" name="Default test" tests="3" failures="0" timestamp="31 Jan 2020 09:54:37 GMT" time="88.648" errors="0">
  <testcase name="publicPageTitleTest" time="0.018" classname="com.crm.qa.testcases.LoginTest"/>
  <testcase name="crmLogoImageTest" time="0.156" classname="com.crm.qa.testcases.LoginTest"/>
  <testcase name="loginPage" time="4.828" classname="com.crm.qa.testcases.LoginTest"/>
</testsuite> <!-- Default test -->
